<?xml version="1.0" encoding="UTF-8"?>
<!-- Generated by org.testng.reporters.JUnitReportReporter -->
<testsuite hostname="DESKTOP-NI9U4LM" failures="0" tests="1" name="qaclick.Practice.baseTest" time="0.010" errors="0" timestamp="2021-02-05T18:14:07 IST" skipped="0">
  <testcase classname="qaclick.Practice.baseTest" name="Drama" time="0.010"/>
  <system-out/>
</testsuite> <!-- qaclick.Practice.baseTest -->
