<?xml version="1.0" encoding="UTF-8"?>
<!-- Generated by org.testng.reporters.JUnitReportReporter -->
<testsuite hostname="DESKTOP-NI9U4LM" failures="0" tests="1" name="qaclick.Practice.baseTest" time="0.005" errors="0" timestamp="2021-01-23T20:27:03 IST" skipped="0">
  <testcase classname="qaclick.Practice.baseTest" name="Drama" time="0.005"/>
  <system-out/>
</testsuite> <!-- qaclick.Practice.baseTest -->
